/mnt/storage2/METRO_recycling/anaconda3/envs/research_seg/lib/python3.8/site-packages/sklearn/utils/linear_assignment_.py:18: FutureWarning: The linear_assignment_ module is deprecated in 0.21 and will be removed from 0.23. Use scipy.optimize.linear_sum_assignment instead.
  warnings.warn(
> /mnt/storage2/METRO_recycling/IIC/code/scripts/segmentation/segmentation_twohead2.py(37)<module>()
-> print("IN")
(Pdb) Traceback (most recent call last):
  File "/mnt/storage2/METRO_recycling/anaconda3/envs/research_seg/lib/python3.8/runpy.py", line 185, in _run_module_as_main
    mod_name, mod_spec, code = _get_module_details(mod_name, _Error)
  File "/mnt/storage2/METRO_recycling/anaconda3/envs/research_seg/lib/python3.8/runpy.py", line 111, in _get_module_details
    __import__(pkg_name)
  File "/mnt/storage2/METRO_recycling/IIC/code/scripts/segmentation/segmentation_twohead2.py", line 37, in <module>
    print("IN")
  File "/mnt/storage2/METRO_recycling/IIC/code/scripts/segmentation/segmentation_twohead2.py", line 37, in <module>
    print("IN")
  File "/mnt/storage2/METRO_recycling/anaconda3/envs/research_seg/lib/python3.8/bdb.py", line 88, in trace_dispatch
    return self.dispatch_line(frame)
  File "/mnt/storage2/METRO_recycling/anaconda3/envs/research_seg/lib/python3.8/bdb.py", line 112, in dispatch_line
    self.user_line(frame)
  File "/mnt/storage2/METRO_recycling/anaconda3/envs/research_seg/lib/python3.8/pdb.py", line 262, in user_line
    self.interaction(frame, None)
  File "/mnt/storage2/METRO_recycling/anaconda3/envs/research_seg/lib/python3.8/pdb.py", line 357, in interaction
    self._cmdloop()
  File "/mnt/storage2/METRO_recycling/anaconda3/envs/research_seg/lib/python3.8/pdb.py", line 322, in _cmdloop
    self.cmdloop()
  File "/mnt/storage2/METRO_recycling/anaconda3/envs/research_seg/lib/python3.8/cmd.py", line 126, in cmdloop
    line = input(self.prompt)
OSError: [Errno 9] Bad file descriptor
